c:\dev\06_loaded_an_png\x64\debug\vc143.pdb
c:\dev\06_loaded_an_png\x64\debug\vc143.idb
c:\dev\06_loaded_an_png\x64\debug\source.obj
c:\dev\06_loaded_an_png\x64\debug\player.obj
c:\dev\06_loaded_an_png\x64\debug\ltexture.obj
c:\dev\06_loaded_an_png\x64\debug\bullet.obj
c:\dev\06_loaded_an_png\x64\debug\rocket.obj
c:\dev\06_loaded_an_png\x64\debug\rocket_smoke.obj
c:\dev\06_loaded_an_png\x64\debug\cursor_aim.obj
c:\dev\06_loaded_an_png\x64\debug\button.obj
c:\dev\06_loaded_an_png\x64\debug\icon.obj
c:\dev\06_loaded_an_png\x64\debug\enemy.obj
c:\dev\06_loaded_an_png\x64\debug\enemyarray.obj
c:\dev\06_loaded_an_png\x64\debug\collision.obj
c:\dev\06_loaded_an_png\x64\debug\every_things_we_use.obj
c:\dev\06_loaded_an_png\x64\debug\06_loaded_an_png.exe
c:\dev\06_loaded_an_png\x64\debug\06_loaded_an_png.ilk
c:\dev\06_loaded_an_png\x64\debug\06_loaded_an_png.pdb
c:\dev\06_loaded_an_png\x64\debug\particle.obj
c:\dev\06_loaded_an_png\x64\debug\06_loaded_an_png.tlog\cl.command.1.tlog
c:\dev\06_loaded_an_png\x64\debug\06_loaded_an_png.tlog\cl.read.1.tlog
c:\dev\06_loaded_an_png\x64\debug\06_loaded_an_png.tlog\cl.write.1.tlog
c:\dev\06_loaded_an_png\x64\debug\06_loaded_an_png.tlog\link.command.1.tlog
c:\dev\06_loaded_an_png\x64\debug\06_loaded_an_png.tlog\link.read.1.tlog
c:\dev\06_loaded_an_png\x64\debug\06_loaded_an_png.tlog\link.write.1.tlog
